2013/11/07 00:21:36 [error] [php] include(CHTML.php): failed to open stream: No such file or directory (/home/travis/yii/framework/YiiBase.php:427)
Stack trace:
#0 /home/travis/yii/testdrive/protected/views/layouts/main.php(26): spl_autoload_call()
#1 /home/travis/yii/framework/web/CBaseController.php(126): require()
#2 /home/travis/yii/framework/web/CBaseController.php(95): SiteController->renderInternal()
#3 /home/travis/yii/framework/web/widgets/CContentDecorator.php(76): SiteController->renderFile()
#4 /home/travis/yii/framework/web/widgets/CContentDecorator.php(54): CContentDecorator->decorate()
#5 /home/travis/yii/framework/web/widgets/COutputProcessor.php(44): CContentDecorator->processOutput()
#6 /home/travis/yii/framework/web/CBaseController.php(206): CContentDecorator->run()
#7 /home/travis/yii/framework/web/CBaseController.php(300): SiteController->endWidget()
#8 /home/travis/yii/testdrive/protected/views/layouts/column1.php(6): SiteController->endContent()
#9 /home/travis/yii/framework/web/CBaseController.php(126): require()
#10 /home/travis/yii/framework/web/CBaseController.php(95): SiteController->renderInternal()
#11 /home/travis/yii/framework/web/CController.php(784): SiteController->renderFile()
#12 /home/travis/yii/framework/web/actions/CViewAction.php(140): SiteController->render()
#13 /home/travis/yii/framework/web/actions/CAction.php(76): CViewAction->run()
#14 /home/travis/yii/framework/web/CController.php(308): CViewAction->runWithParams()
#15 /home/travis/yii/framework/web/CController.php(286): SiteController->runAction()
#16 /home/travis/yii/framework/web/CController.php(265): SiteController->runActionWithFilters()
#17 /home/travis/yii/framework/web/CWebApplication.php(282): SiteController->run()
#18 /home/travis/yii/framework/web/CWebApplication.php(141): CWebApplication->runController()
#19 /home/travis/yii/framework/base/CApplication.php(180): CWebApplication->processRequest()
#20 /home/travis/yii/testdrive/index.php(13): CWebApplication->run()
REQUEST_URI=/index.php?r=site/page&view=about
in /home/travis/yii/testdrive/protected/views/layouts/main.php (26)
in /home/travis/yii/testdrive/protected/views/layouts/column1.php (6)
in /home/travis/yii/testdrive/index.php (13)
2013/11/07 00:22:03 [error] [exception.CException] exception 'CException' with message 'Property "CWebUser.isAdmin" is not defined.' in /home/travis/yii/framework/base/CComponent.php:130
Stack trace:
#0 /home/travis/yii/framework/web/auth/CWebUser.php(146): CComponent->__get('isAdmin')
#1 /home/travis/yii/testdrive/protected/views/layouts/main.php(32): CWebUser->__get('isAdmin')
#2 /home/travis/yii/framework/web/CBaseController.php(126): require('/home/travis/yi...')
#3 /home/travis/yii/framework/web/CBaseController.php(95): CBaseController->renderInternal('/home/travis/yi...', Array, true)
#4 /home/travis/yii/framework/web/widgets/CContentDecorator.php(76): CBaseController->renderFile('/home/travis/yi...', Array, true)
#5 /home/travis/yii/framework/web/widgets/CContentDecorator.php(54): CContentDecorator->decorate('<div id="conten...')
#6 /home/travis/yii/framework/web/widgets/COutputProcessor.php(44): CContentDecorator->processOutput('<div id="conten...')
#7 /home/travis/yii/framework/web/CBaseController.php(206): COutputProcessor->run()
#8 /home/travis/yii/framework/web/CBaseController.php(300): CBaseController->endWidget('CContentDecorat...')
#9 /home/travis/yii/testdrive/protected/views/layouts/column1.php(6): CBaseController->endContent()
#10 /home/travis/yii/framework/web/CBaseController.php(126): require('/home/travis/yi...')
#11 /home/travis/yii/framework/web/CBaseController.php(95): CBaseController->renderInternal('/home/travis/yi...', Array, true)
#12 /home/travis/yii/framework/web/CController.php(784): CBaseController->renderFile('/home/travis/yi...', Array, true)
#13 /home/travis/yii/testdrive/protected/controllers/SiteController.php(98): CController->render('login', Array)
#14 /home/travis/yii/framework/web/actions/CInlineAction.php(49): SiteController->actionLogin()
#15 /home/travis/yii/framework/web/CController.php(308): CInlineAction->runWithParams(Array)
#16 /home/travis/yii/framework/web/CController.php(286): CController->runAction(Object(CInlineAction))
#17 /home/travis/yii/framework/web/CController.php(265): CController->runActionWithFilters(Object(CInlineAction), Array)
#18 /home/travis/yii/framework/web/CWebApplication.php(282): CController->run('login')
#19 /home/travis/yii/framework/web/CWebApplication.php(141): CWebApplication->runController('site/login')
#20 /home/travis/yii/framework/base/CApplication.php(180): CWebApplication->processRequest()
#21 /home/travis/yii/testdrive/index.php(13): CApplication->run()
#22 {main}
REQUEST_URI=/index.php?r=site/login
HTTP_REFERER=http://localhost/
---
2013/11/07 00:22:11 [error] [exception.CException] exception 'CException' with message 'Property "CWebUser.isAdmin" is not defined.' in /home/travis/yii/framework/base/CComponent.php:130
Stack trace:
#0 /home/travis/yii/framework/web/auth/CWebUser.php(146): CComponent->__get('isAdmin')
#1 /home/travis/yii/testdrive/protected/views/layouts/main.php(32): CWebUser->__get('isAdmin')
#2 /home/travis/yii/framework/web/CBaseController.php(126): require('/home/travis/yi...')
#3 /home/travis/yii/framework/web/CBaseController.php(95): CBaseController->renderInternal('/home/travis/yi...', Array, true)
#4 /home/travis/yii/framework/web/widgets/CContentDecorator.php(76): CBaseController->renderFile('/home/travis/yi...', Array, true)
#5 /home/travis/yii/framework/web/widgets/CContentDecorator.php(54): CContentDecorator->decorate('<div id="conten...')
#6 /home/travis/yii/framework/web/widgets/COutputProcessor.php(44): CContentDecorator->processOutput('<div id="conten...')
#7 /home/travis/yii/framework/web/CBaseController.php(206): COutputProcessor->run()
#8 /home/travis/yii/framework/web/CBaseController.php(300): CBaseController->endWidget('CContentDecorat...')
#9 /home/travis/yii/testdrive/protected/views/layouts/column1.php(6): CBaseController->endContent()
#10 /home/travis/yii/framework/web/CBaseController.php(126): require('/home/travis/yi...')
#11 /home/travis/yii/framework/web/CBaseController.php(95): CBaseController->renderInternal('/home/travis/yi...', Array, true)
#12 /home/travis/yii/framework/web/CController.php(784): CBaseController->renderFile('/home/travis/yi...', Array, true)
#13 /home/travis/yii/testdrive/protected/controllers/SiteController.php(32): CController->render('index')
#14 /home/travis/yii/framework/web/actions/CInlineAction.php(49): SiteController->actionIndex()
#15 /home/travis/yii/framework/web/CController.php(308): CInlineAction->runWithParams(Array)
#16 /home/travis/yii/framework/web/CController.php(286): CController->runAction(Object(CInlineAction))
#17 /home/travis/yii/framework/web/CController.php(265): CController->runActionWithFilters(Object(CInlineAction), Array)
#18 /home/travis/yii/framework/web/CWebApplication.php(282): CController->run('')
#19 /home/travis/yii/framework/web/CWebApplication.php(141): CWebApplication->runController('')
#20 /home/travis/yii/framework/base/CApplication.php(180): CWebApplication->processRequest()
#21 /home/travis/yii/testdrive/index.php(13): CApplication->run()
#22 {main}
REQUEST_URI=/
---
2013/11/07 00:28:27 [error] [php] include(CHTML.php): failed to open stream: No such file or directory (/home/travis/yii/framework/YiiBase.php:427)
Stack trace:
#0 /home/travis/yii/testdrive/protected/views/layouts/main.php(26): spl_autoload_call()
#1 /home/travis/yii/framework/web/CBaseController.php(126): require()
#2 /home/travis/yii/framework/web/CBaseController.php(95): SiteController->renderInternal()
#3 /home/travis/yii/framework/web/widgets/CContentDecorator.php(76): SiteController->renderFile()
#4 /home/travis/yii/framework/web/widgets/CContentDecorator.php(54): CContentDecorator->decorate()
#5 /home/travis/yii/framework/web/widgets/COutputProcessor.php(44): CContentDecorator->processOutput()
#6 /home/travis/yii/framework/web/CBaseController.php(206): CContentDecorator->run()
#7 /home/travis/yii/framework/web/CBaseController.php(300): SiteController->endWidget()
#8 /home/travis/yii/testdrive/protected/views/layouts/column1.php(6): SiteController->endContent()
#9 /home/travis/yii/framework/web/CBaseController.php(126): require()
#10 /home/travis/yii/framework/web/CBaseController.php(95): SiteController->renderInternal()
#11 /home/travis/yii/framework/web/CController.php(784): SiteController->renderFile()
#12 /home/travis/yii/framework/web/actions/CViewAction.php(140): SiteController->render()
#13 /home/travis/yii/framework/web/actions/CAction.php(76): CViewAction->run()
#14 /home/travis/yii/framework/web/CController.php(308): CViewAction->runWithParams()
#15 /home/travis/yii/framework/web/CController.php(286): SiteController->runAction()
#16 /home/travis/yii/framework/web/CController.php(265): SiteController->runActionWithFilters()
#17 /home/travis/yii/framework/web/CWebApplication.php(282): SiteController->run()
#18 /home/travis/yii/framework/web/CWebApplication.php(141): CWebApplication->runController()
#19 /home/travis/yii/framework/base/CApplication.php(180): CWebApplication->processRequest()
#20 /home/travis/yii/testdrive/index.php(13): CWebApplication->run()
REQUEST_URI=/index.php?r=site/page&view=about
in /home/travis/yii/testdrive/protected/views/layouts/main.php (26)
in /home/travis/yii/testdrive/protected/views/layouts/column1.php (6)
in /home/travis/yii/testdrive/index.php (13)
2013/11/07 00:44:15 [error] [php] Undefined variable: model (/home/travis/yii/testdrive/protected/views/site/index.php:28)
Stack trace:
#0 /home/travis/yii/framework/web/CController.php(869): SiteController->renderFile()
#1 /home/travis/yii/framework/web/CController.php(782): SiteController->renderPartial()
#2 /home/travis/yii/testdrive/protected/controllers/SiteController.php(32): SiteController->render()
#3 /home/travis/yii/framework/web/actions/CInlineAction.php(49): SiteController->actionIndex()
#4 /home/travis/yii/framework/web/CController.php(308): CInlineAction->runWithParams()
#5 /home/travis/yii/framework/web/CController.php(286): SiteController->runAction()
#6 /home/travis/yii/framework/web/CController.php(265): SiteController->runActionWithFilters()
#7 /home/travis/yii/framework/web/CWebApplication.php(282): SiteController->run()
#8 /home/travis/yii/framework/web/CWebApplication.php(141): CWebApplication->runController()
#9 /home/travis/yii/framework/base/CApplication.php(180): CWebApplication->processRequest()
#10 /home/travis/yii/testdrive/index.php(13): CWebApplication->run()
REQUEST_URI=/
in /home/travis/yii/testdrive/protected/views/site/index.php (28)
in /home/travis/yii/testdrive/protected/controllers/SiteController.php (32)
in /home/travis/yii/testdrive/index.php (13)
2013/11/07 00:45:58 [error] [php] Undefined variable: model (/home/travis/yii/testdrive/protected/views/site/login.php:28)
Stack trace:
#0 /home/travis/yii/framework/web/CController.php(869): SiteController->renderFile()
#1 /home/travis/yii/framework/web/CController.php(782): SiteController->renderPartial()
#2 /home/travis/yii/testdrive/protected/controllers/SiteController.php(32): SiteController->render()
#3 /home/travis/yii/framework/web/actions/CInlineAction.php(49): SiteController->actionIndex()
#4 /home/travis/yii/framework/web/CController.php(308): CInlineAction->runWithParams()
#5 /home/travis/yii/framework/web/CController.php(286): SiteController->runAction()
#6 /home/travis/yii/framework/web/CController.php(265): SiteController->runActionWithFilters()
#7 /home/travis/yii/framework/web/CWebApplication.php(282): SiteController->run()
#8 /home/travis/yii/framework/web/CWebApplication.php(141): CWebApplication->runController()
#9 /home/travis/yii/framework/base/CApplication.php(180): CWebApplication->processRequest()
#10 /home/travis/yii/testdrive/index.php(13): CWebApplication->run()
REQUEST_URI=/
in /home/travis/yii/testdrive/protected/views/site/login.php (28)
in /home/travis/yii/testdrive/protected/controllers/SiteController.php (32)
in /home/travis/yii/testdrive/index.php (13)
2013/11/07 21:13:32 [error] [exception.CHttpException.404] exception 'CHttpException' with message 'Unable to resolve the request "user/Login".' in /home/travis/yii/framework/web/CWebApplication.php:286
Stack trace:
#0 /home/travis/yii/framework/web/CWebApplication.php(141): CWebApplication->runController('')
#1 /home/travis/yii/framework/base/CApplication.php(180): CWebApplication->processRequest()
#2 /home/travis/yii/testdrive/index.php(13): CApplication->run()
#3 {main}
REQUEST_URI=/
---
2013/11/07 22:16:34 [error] [exception.CHttpException.404] exception 'CHttpException' with message 'The system is unable to find the requested action "patientInformation".' in /home/travis/yii/framework/web/CController.php:483
Stack trace:
#0 /home/travis/yii/framework/web/CController.php(270): CController->missingAction('patientInformat...')
#1 /home/travis/yii/framework/web/CWebApplication.php(282): CController->run('patientInformat...')
#2 /home/travis/yii/framework/web/CWebApplication.php(141): CWebApplication->runController('site/patientInf...')
#3 /home/travis/yii/framework/base/CApplication.php(180): CWebApplication->processRequest()
#4 /home/travis/yii/testdrive/index.php(13): CApplication->run()
#5 {main}
REQUEST_URI=/index.php?r=site/patientInformation
HTTP_REFERER=http://localhost/index.php?r=site/login
---
2013/11/07 22:17:24 [error] [exception.CHttpException.404] exception 'CHttpException' with message 'The system is unable to find the requested action "patientInformation".' in /home/travis/yii/framework/web/CController.php:483
Stack trace:
#0 /home/travis/yii/framework/web/CController.php(270): CController->missingAction('patientInformat...')
#1 /home/travis/yii/framework/web/CWebApplication.php(282): CController->run('patientInformat...')
#2 /home/travis/yii/framework/web/CWebApplication.php(141): CWebApplication->runController('site/patientInf...')
#3 /home/travis/yii/framework/base/CApplication.php(180): CWebApplication->processRequest()
#4 /home/travis/yii/testdrive/index.php(13): CApplication->run()
#5 {main}
REQUEST_URI=/index.php?r=site/patientInformation
HTTP_REFERER=http://localhost/index.php?r=site/login
---
2013/11/07 22:17:27 [error] [exception.CHttpException.404] exception 'CHttpException' with message 'The system is unable to find the requested action "patientInformation".' in /home/travis/yii/framework/web/CController.php:483
Stack trace:
#0 /home/travis/yii/framework/web/CController.php(270): CController->missingAction('patientInformat...')
#1 /home/travis/yii/framework/web/CWebApplication.php(282): CController->run('patientInformat...')
#2 /home/travis/yii/framework/web/CWebApplication.php(141): CWebApplication->runController('site/patientInf...')
#3 /home/travis/yii/framework/base/CApplication.php(180): CWebApplication->processRequest()
#4 /home/travis/yii/testdrive/index.php(13): CApplication->run()
#5 {main}
REQUEST_URI=/index.php?r=site/patientInformation
HTTP_REFERER=http://localhost/index.php?r=site/login
---
2013/11/07 22:17:28 [error] [exception.CHttpException.404] exception 'CHttpException' with message 'The system is unable to find the requested action "patientInformation".' in /home/travis/yii/framework/web/CController.php:483
Stack trace:
#0 /home/travis/yii/framework/web/CController.php(270): CController->missingAction('patientInformat...')
#1 /home/travis/yii/framework/web/CWebApplication.php(282): CController->run('patientInformat...')
#2 /home/travis/yii/framework/web/CWebApplication.php(141): CWebApplication->runController('site/patientInf...')
#3 /home/travis/yii/framework/base/CApplication.php(180): CWebApplication->processRequest()
#4 /home/travis/yii/testdrive/index.php(13): CApplication->run()
#5 {main}
REQUEST_URI=/index.php?r=site/patientInformation
HTTP_REFERER=http://localhost/index.php?r=site/patientInformation
---
2013/11/07 22:17:28 [error] [exception.CHttpException.404] exception 'CHttpException' with message 'The system is unable to find the requested action "patientInformation".' in /home/travis/yii/framework/web/CController.php:483
Stack trace:
#0 /home/travis/yii/framework/web/CController.php(270): CController->missingAction('patientInformat...')
#1 /home/travis/yii/framework/web/CWebApplication.php(282): CController->run('patientInformat...')
#2 /home/travis/yii/framework/web/CWebApplication.php(141): CWebApplication->runController('site/patientInf...')
#3 /home/travis/yii/framework/base/CApplication.php(180): CWebApplication->processRequest()
#4 /home/travis/yii/testdrive/index.php(13): CApplication->run()
#5 {main}
REQUEST_URI=/index.php?r=site/patientInformation
HTTP_REFERER=http://localhost/index.php?r=site/patientInformation
---
